<<<<<<< HEAD
﻿  aStar.cpp
c:\users\keske\documents\github\sinwoo-s-boy\team\astar.cpp(17): error C2660: 'aStar::setTiles': 함수는 0개의 매개 변수를 사용하지 않습니다.
c:\users\keske\documents\github\sinwoo-s-boy\team\astar.cpp(51): error C2660: 'aStarTile::init': 함수는 2개의 매개 변수를 사용하지 않습니다.
=======
﻿  drawArea.cpp
c:\users\user\documents\github\sinwoo-s-boy\team\drawarea.cpp(151): warning C4018: '<': signed 또는 unsigned가 일치하지 않습니다.
c:\users\user\documents\github\sinwoo-s-boy\team\drawarea.cpp(126): warning C4474: 'sprintf' : 서식 문자열에 전달된 인수가 너무 많습니다.
  c:\users\user\documents\github\sinwoo-s-boy\team\drawarea.cpp(126): note: 자리 표시자 및 해당 매개 변수에는 variadic 인수가 2개 필요하지만 4개가 제공되었습니다.
c:\users\user\documents\github\sinwoo-s-boy\team\drawarea.cpp(126): warning C4996: 'sprintf': This function or variable may be unsafe. Consider using sprintf_s instead. To disable deprecation, use _CRT_SECURE_NO_WARNINGS. See online help for details.
  c:\program files (x86)\windows kits\10\include\10.0.16299.0\ucrt\stdio.h(1772): note: 'sprintf' 선언을 참조하십시오.
c:\users\user\documents\github\sinwoo-s-boy\team\drawarea.cpp(128): warning C4474: 'sprintf' : 서식 문자열에 전달된 인수가 너무 많습니다.
  c:\users\user\documents\github\sinwoo-s-boy\team\drawarea.cpp(128): note: 자리 표시자 및 해당 매개 변수에는 variadic 인수가 3개 필요하지만 5개가 제공되었습니다.
c:\users\user\documents\github\sinwoo-s-boy\team\drawarea.cpp(128): warning C4996: 'sprintf': This function or variable may be unsafe. Consider using sprintf_s instead. To disable deprecation, use _CRT_SECURE_NO_WARNINGS. See online help for details.
  c:\program files (x86)\windows kits\10\include\10.0.16299.0\ucrt\stdio.h(1772): note: 'sprintf' 선언을 참조하십시오.
c:\users\user\documents\github\sinwoo-s-boy\team\drawarea.cpp(131): warning C4474: 'sprintf' : 서식 문자열에 전달된 인수가 너무 많습니다.
  c:\users\user\documents\github\sinwoo-s-boy\team\drawarea.cpp(131): note: 자리 표시자 및 해당 매개 변수에는 variadic 인수가 2개 필요하지만 4개가 제공되었습니다.
c:\users\user\documents\github\sinwoo-s-boy\team\drawarea.cpp(131): warning C4996: 'sprintf': This function or variable may be unsafe. Consider using sprintf_s instead. To disable deprecation, use _CRT_SECURE_NO_WARNINGS. See online help for details.
  c:\program files (x86)\windows kits\10\include\10.0.16299.0\ucrt\stdio.h(1772): note: 'sprintf' 선언을 참조하십시오.
c:\users\user\documents\github\sinwoo-s-boy\team\drawarea.cpp(135): warning C4474: 'sprintf' : 서식 문자열에 전달된 인수가 너무 많습니다.
  c:\users\user\documents\github\sinwoo-s-boy\team\drawarea.cpp(135): note: 자리 표시자 및 해당 매개 변수에는 variadic 인수가 1개 필요하지만 3개가 제공되었습니다.
c:\users\user\documents\github\sinwoo-s-boy\team\drawarea.cpp(135): warning C4996: 'sprintf': This function or variable may be unsafe. Consider using sprintf_s instead. To disable deprecation, use _CRT_SECURE_NO_WARNINGS. See online help for details.
  c:\program files (x86)\windows kits\10\include\10.0.16299.0\ucrt\stdio.h(1772): note: 'sprintf' 선언을 참조하십시오.
c:\users\user\documents\github\sinwoo-s-boy\team\drawarea.cpp(201): warning C4002: 'min' 매크로의 실제 매개 변수가 너무 많습니다.
  HexaWindowsAPI.vcxproj -> C:\Users\USER\Documents\GitHub\Sinwoo-s-boy\team\Debug\HexaWindowsAPI.exe
>>>>>>> 1541c46f6ec263de87486fd0761b769f8db80fff
